<?xml version="1.0" encoding="UTF-8"?>
<testsuite name="com.katarilab.java8aircraft.Java8AircraftApplicationTests" tests="1" skipped="0" failures="0" errors="0" timestamp="2022-01-20T19:01:40" hostname="C02X899QJG5J" time="0.216">
  <properties/>
  <testcase name="contextLoads()" classname="com.katarilab.java8aircraft.Java8AircraftApplicationTests" time="0.216"/>
  <system-out><![CDATA[14:01:37.699 [Test worker] DEBUG org.springframework.test.context.BootstrapUtils - Instantiating CacheAwareContextLoaderDelegate from class [org.springframework.test.context.cache.DefaultCacheAwareContextLoaderDelegate]
14:01:37.712 [Test worker] DEBUG org.springframework.test.context.BootstrapUtils - Instantiating BootstrapContext using constructor [public org.springframework.test.context.support.DefaultBootstrapContext(java.lang.Class,org.springframework.test.context.CacheAwareContextLoaderDelegate)]
14:01:37.736 [Test worker] DEBUG org.springframework.test.context.BootstrapUtils - Instantiating TestContextBootstrapper for test class [com.katarilab.java8aircraft.Java8AircraftApplicationTests] from class [org.springframework.boot.test.context.SpringBootTestContextBootstrapper]
14:01:37.754 [Test worker] INFO org.springframework.boot.test.context.SpringBootTestContextBootstrapper - Neither @ContextConfiguration nor @ContextHierarchy found for test class [com.katarilab.java8aircraft.Java8AircraftApplicationTests], using SpringBootContextLoader
14:01:37.758 [Test worker] DEBUG org.springframework.test.context.support.AbstractContextLoader - Did not detect default resource location for test class [com.katarilab.java8aircraft.Java8AircraftApplicationTests]: class path resource [com/katarilab/java8aircraft/Java8AircraftApplicationTests-context.xml] does not exist
14:01:37.758 [Test worker] DEBUG org.springframework.test.context.support.AbstractContextLoader - Did not detect default resource location for test class [com.katarilab.java8aircraft.Java8AircraftApplicationTests]: class path resource [com/katarilab/java8aircraft/Java8AircraftApplicationTestsContext.groovy] does not exist
14:01:37.759 [Test worker] INFO org.springframework.test.context.support.AbstractContextLoader - Could not detect default resource locations for test class [com.katarilab.java8aircraft.Java8AircraftApplicationTests]: no resource found for suffixes {-context.xml, Context.groovy}.
14:01:37.760 [Test worker] INFO org.springframework.test.context.support.AnnotationConfigContextLoaderUtils - Could not detect default configuration classes for test class [com.katarilab.java8aircraft.Java8AircraftApplicationTests]: Java8AircraftApplicationTests does not declare any static, non-private, non-final, nested classes annotated with @Configuration.
14:01:37.802 [Test worker] DEBUG org.springframework.test.context.support.ActiveProfilesUtils - Could not find an 'annotation declaring class' for annotation type [org.springframework.test.context.ActiveProfiles] and class [com.katarilab.java8aircraft.Java8AircraftApplicationTests]
14:01:37.861 [Test worker] DEBUG org.springframework.context.annotation.ClassPathScanningCandidateComponentProvider - Identified candidate component class: file [/Users/mac1digital10/github/java8-aircraft/build/classes/java/main/com/katarilab/java8aircraft/Java8AircraftApplication.class]
14:01:37.862 [Test worker] INFO org.springframework.boot.test.context.SpringBootTestContextBootstrapper - Found @SpringBootConfiguration com.katarilab.java8aircraft.Java8AircraftApplication for test class com.katarilab.java8aircraft.Java8AircraftApplicationTests
14:01:37.956 [Test worker] DEBUG org.springframework.boot.test.context.SpringBootTestContextBootstrapper - @TestExecutionListeners is not present for class [com.katarilab.java8aircraft.Java8AircraftApplicationTests]: using defaults.
14:01:37.956 [Test worker] INFO org.springframework.boot.test.context.SpringBootTestContextBootstrapper - Loaded default TestExecutionListener class names from location [META-INF/spring.factories]: [org.springframework.boot.test.autoconfigure.restdocs.RestDocsTestExecutionListener, org.springframework.boot.test.autoconfigure.web.client.MockRestServiceServerResetTestExecutionListener, org.springframework.boot.test.autoconfigure.web.servlet.MockMvcPrintOnlyOnFailureTestExecutionListener, org.springframework.boot.test.autoconfigure.web.servlet.WebDriverTestExecutionListener, org.springframework.boot.test.mock.mockito.MockitoTestExecutionListener, org.springframework.boot.test.mock.mockito.ResetMocksTestExecutionListener, org.springframework.test.context.web.ServletTestExecutionListener, org.springframework.test.context.support.DirtiesContextBeforeModesTestExecutionListener, org.springframework.test.context.support.DependencyInjectionTestExecutionListener, org.springframework.test.context.support.DirtiesContextTestExecutionListener, org.springframework.test.context.transaction.TransactionalTestExecutionListener, org.springframework.test.context.jdbc.SqlScriptsTestExecutionListener, org.springframework.test.context.event.EventPublishingTestExecutionListener]
14:01:37.968 [Test worker] DEBUG org.springframework.boot.test.context.SpringBootTestContextBootstrapper - Skipping candidate TestExecutionListener [org.springframework.test.context.transaction.TransactionalTestExecutionListener] due to a missing dependency. Specify custom listener classes or make the default listener classes and their required dependencies available. Offending class: [org/springframework/transaction/TransactionDefinition]
14:01:37.968 [Test worker] DEBUG org.springframework.boot.test.context.SpringBootTestContextBootstrapper - Skipping candidate TestExecutionListener [org.springframework.test.context.jdbc.SqlScriptsTestExecutionListener] due to a missing dependency. Specify custom listener classes or make the default listener classes and their required dependencies available. Offending class: [org/springframework/transaction/interceptor/TransactionAttribute]
14:01:37.968 [Test worker] INFO org.springframework.boot.test.context.SpringBootTestContextBootstrapper - Using TestExecutionListeners: [org.springframework.test.context.web.ServletTestExecutionListener@7074843b, org.springframework.test.context.support.DirtiesContextBeforeModesTestExecutionListener@39898950, org.springframework.boot.test.mock.mockito.MockitoTestExecutionListener@2ef2728d, org.springframework.boot.test.autoconfigure.SpringBootDependencyInjectionTestExecutionListener@302f3209, org.springframework.test.context.support.DirtiesContextTestExecutionListener@64ae3d6b, org.springframework.test.context.event.EventPublishingTestExecutionListener@1198eba7, org.springframework.boot.test.autoconfigure.restdocs.RestDocsTestExecutionListener@2cc39503, org.springframework.boot.test.autoconfigure.web.client.MockRestServiceServerResetTestExecutionListener@653555e8, org.springframework.boot.test.autoconfigure.web.servlet.MockMvcPrintOnlyOnFailureTestExecutionListener@70e57940, org.springframework.boot.test.autoconfigure.web.servlet.WebDriverTestExecutionListener@26f67128, org.springframework.boot.test.mock.mockito.ResetMocksTestExecutionListener@16ad9378]
14:01:37.972 [Test worker] DEBUG org.springframework.test.context.support.AbstractDirtiesContextTestExecutionListener - Before test class: context [DefaultTestContext@30dd569f testClass = Java8AircraftApplicationTests, testInstance = [null], testMethod = [null], testException = [null], mergedContextConfiguration = [WebMergedContextConfiguration@6a9f3356 testClass = Java8AircraftApplicationTests, locations = '{}', classes = '{class com.katarilab.java8aircraft.Java8AircraftApplication}', contextInitializerClasses = '[]', activeProfiles = '{}', propertySourceLocations = '{}', propertySourceProperties = '{org.springframework.boot.test.context.SpringBootTestContextBootstrapper=true}', contextCustomizers = set[org.springframework.boot.test.autoconfigure.properties.PropertyMappingContextCustomizer@0, org.springframework.boot.test.autoconfigure.web.servlet.WebDriverContextCustomizerFactory$Customizer@284eaa43, org.springframework.boot.test.context.filter.ExcludeFilterContextCustomizer@293565a3, org.springframework.boot.test.json.DuplicateJsonObjectContextCustomizerFactory$DuplicateJsonObjectContextCustomizer@72df6c1c, org.springframework.boot.test.mock.mockito.MockitoContextCustomizer@0, org.springframework.boot.test.web.client.TestRestTemplateContextCustomizer@61854694, org.springframework.boot.test.context.SpringBootTestArgs@1], resourceBasePath = 'src/main/webapp', contextLoader = 'org.springframework.boot.test.context.SpringBootContextLoader', parent = [null]], attributes = map['org.springframework.test.context.web.ServletTestExecutionListener.activateListener' -> true]], class annotated with @DirtiesContext [false] with mode [null].
14:01:37.997 [Test worker] DEBUG org.springframework.test.context.support.TestPropertySourceUtils - Adding inlined properties to environment: {spring.jmx.enabled=false, org.springframework.boot.test.context.SpringBootTestContextBootstrapper=true, server.port=-1}

  .   ____          _            __ _ _
 /\\ / ___'_ __ _ _(_)_ __  __ _ \ \ \ \
( ( )\___ | '_ | '_| | '_ \/ _` | \ \ \ \
 \\/  ___)| |_)| | | | | || (_| |  ) ) ) )
  '  |____| .__|_| |_|_| |_\__, | / / / /
 =========|_|==============|___/=/_/_/_/
 :: Spring Boot ::        (v2.2.7.RELEASE)

2022-01-20 14:01:38.221  INFO 98280 --- [    Test worker] c.k.j.Java8AircraftApplicationTests      : Starting Java8AircraftApplicationTests on C02X899QJG5J with PID 98280 (started by mac1digital10 in /Users/mac1digital10/github/java8-aircraft)
2022-01-20 14:01:38.222  INFO 98280 --- [    Test worker] c.k.j.Java8AircraftApplicationTests      : No active profile set, falling back to default profiles: default
2022-01-20 14:01:39.566  INFO 98280 --- [    Test worker] o.s.s.concurrent.ThreadPoolTaskExecutor  : Initializing ExecutorService 'applicationTaskExecutor'
2022-01-20 14:01:39.991  INFO 98280 --- [    Test worker] o.s.b.a.e.web.EndpointLinksResolver      : Exposing 14 endpoint(s) beneath base path '/actuator'
2022-01-20 14:01:40.053  INFO 98280 --- [    Test worker] c.k.j.Java8AircraftApplicationTests      : Started Java8AircraftApplicationTests in 2.045 seconds (JVM running for 3.126)
]]></system-out>
  <system-err><![CDATA[]]></system-err>
</testsuite>
